doc/APP接口文档及demo（wap模式）/客户端（Android）/客户端demo/wapSDKDemo/proguard.cfg
-ignorewarnings
-optimizationpasses 5
-dontusemixedcaseclassnames
-dontskipnonpubliclibraryclasses
-dontoptimize
-verbose
-optimizations !code/simplification/arithmetic,!field/*,!class/merging/*
-ignorewarning
-keep public class * extends android.app.Activity
-keep public class * extends android.app.Application
-keep public class * extends android.app.Service
-keep public class * extends android.content.BroadcastReceiver
-keep public class * extends android.content.ContentProvider
-keep public class com.android.vending.licensing.ILicensingService
-dontwarn android.support.v4.*

-keep class org.doubango.** {*;}
-keepclasseswithmembernames class * {
    native <methods>;
}

-keepclasseswithmembernames class * {
    public <init>(android.content.Context, android.util.AttributeSet);
}

-keepclasseswithmembernames class * {
    public <init>(android.content.Context, android.util.AttributeSet, int);
}

-keepclassmembers enum * {
    public static **[] values();
    public static ** valueOf(java.lang.String);
}

-keep class * implements android.os.Parcelable {
  public static final android.os.Parcelable$Creator *;
}

#jar包依赖的其他库的位置和名称
-libraryjars libs/wftsdk2.1.2.jar


