doc/APP接口文档及demo（wap模式）/客户端（Android）/客户端demo/wapSDKDemo/proguard/seeds.txt
com.swiftpass.pay.test.PayMainActivity
com.swiftpass.pay.test.PayMainActivity: PayMainActivity()
com.switfpass.pay.MainApplication
com.switfpass.pay.activity.BasePayActivity
com.switfpass.pay.activity.BasePayActivity: BasePayActivity()
com.switfpass.pay.activity.PayPlugin
com.switfpass.pay.activity.PayResultActivity
com.switfpass.pay.activity.PaySDKCaptureActivity
com.switfpass.pay.activity.QQWapPayWebView
com.switfpass.pay.activity.QQWapPayWebView: QQWapPayWebView()
com.switfpass.pay.activity.QrcodeActivity
com.switfpass.pay.activity.zxing.ViewfinderView
com.switfpass.pay.activity.zxing.ViewfinderView: ViewfinderView(android.content.Context,android.util.AttributeSet)
com.switfpass.pay.activity.zxing.decoding.d: com.switfpass.pay.activity.zxing.decoding.d[] values()
com.switfpass.pay.activity.zxing.decoding.d: com.switfpass.pay.activity.zxing.decoding.d valueOf(java.lang.String)