doc/APP接口文档及demo（wap模式）/客户端（Android）/客户端demo/wapSDKDemo/proguard/mapping.txt
com.switfpass.pay.thread.e -> com.switfpass.pay.c.m:
    com.switfpass.pay.thread.d cY -> a
com.switfpass.pay.utils.DialogHelper -> com.switfpass.pay.d.a:
    android.app.ProgressDialog loadingDialog -> a
    android.app.Dialog showDialog(java.lang.String,java.lang.String,int,int,android.content.Context,android.content.DialogInterface$OnClickListener) -> a
    android.app.Dialog showDialog(java.lang.String,java.lang.String,java.lang.String,java.lang.String,android.content.Context,android.content.DialogInterface$OnClickListener,android.content.DialogInterface$OnClickListener) -> a
    void resize(android.app.Activity,android.app.Dialog) -> a
com.switfpass.pay.utils.DialogInfoSdk -> com.switfpass.pay.d.b:
    android.content.Context bi -> a
    android.widget.TextView dd -> b
    android.widget.TextView de -> c
    android.widget.TextView df -> d
    android.widget.TextView dg -> e
    android.widget.TextView dh -> f
    android.widget.TextView di -> g
    android.view.ViewGroup dj -> h
    com.switfpass.pay.utils.DialogInfoSdk$HandleBtn dk -> i
    android.view.View dl -> j
    android.view.View dm -> k
    android.widget.EditText dn -> l
    android.widget.LinearLayout do -> m
    java.lang.String dp -> n
    java.lang.String X -> o
    java.lang.String getTradeNo() -> a
    void setTradeNo(java.lang.String) -> a
    java.lang.String getMoney() -> b
    void setMoney(java.lang.String) -> b
    void setMessage(java.lang.String) -> c
    void setBtnOkText(java.lang.String) -> d
    void a(int) -> a
    void a(java.lang.String,java.lang.String,int) -> a
    android.content.Context a(com.switfpass.pay.utils.DialogInfoSdk) -> a
    com.switfpass.pay.utils.DialogInfoSdk$HandleBtn b(com.switfpass.pay.utils.DialogInfoSdk) -> b
    android.widget.EditText c(com.switfpass.pay.utils.DialogInfoSdk) -> c
com.switfpass.pay.utils.DialogInfoSdk$HandleBtn -> com.switfpass.pay.d.c:
    void handleOkBtn(java.lang.String) -> a
    void cancel() -> a
com.switfpass.pay.utils.MD5 -> com.switfpass.pay.d.d:
    java.lang.String getMessageDigest(byte[]) -> a
    java.lang.String md5s(java.lang.String) -> a
com.switfpass.pay.utils.MyPopupWindowUtils -> com.switfpass.pay.d.e:
    com.switfpass.pay.utils.MyPopupWindowUtils$OnPopuWindowItemClickListener ds -> b
    android.content.Context bi -> c
    java.lang.String PAY_QQ_NATIVE1 -> a
    void onClick(android.view.View) -> onClick
    android.widget.PopupWindow getPayHelpDialog(java.lang.String,int) -> a
com.switfpass.pay.utils.MyPopupWindowUtils$OnPopuWindowItemClickListener -> com.switfpass.pay.d.f:
    void onPopuWindowItemClick(android.view.View) -> a
com.switfpass.pay.utils.PayDialogInfo -> com.switfpass.pay.d.g:
    android.app.Activity du -> d
    com.switfpass.pay.bean.RequestMsg ag -> e
    boolean ac -> f
    java.lang.String dI -> g
    android.app.ProgressDialog loadingDialog -> a
    boolean isResumed -> b
    android.os.Handler mHandler -> c
    void setMsg(com.switfpass.pay.bean.RequestMsg) -> a
    void unifiedH5Pay(com.switfpass.pay.bean.RequestMsg) -> b
    void showLoading(android.content.Context,boolean,java.lang.String) -> a
    void dismissMyLoading() -> a
    void zfbWapPay(com.switfpass.pay.bean.RequestMsg) -> c
    void wxWapPays(com.switfpass.pay.bean.RequestMsg) -> d
    void qqWapPays(com.switfpass.pay.bean.RequestMsg) -> e
    boolean isQQClientAvailable(android.content.Context) -> a
    android.app.Activity b(com.switfpass.pay.utils.PayDialogInfo) -> a
    boolean a(android.content.Context) -> b
com.switfpass.pay.utils.PayToast -> com.switfpass.pay.d.h:
    void showToast(android.content.Context,java.lang.String) -> a
com.switfpass.pay.utils.ProgressInfoDialog -> com.switfpass.pay.d.i:
    android.view.ViewGroup dj -> a
    android.app.Activity activity -> b
    android.widget.ImageView dX -> c
    boolean onKeyDown(int,android.view.KeyEvent) -> onKeyDown