doc/APP接口文档及demo（wap模式）/客户端（Android）/客户端demo/wapSDKDemo/proguard/usage.txt
com.fyfeng.webviewtest.BuildConfig
com.fyfeng.webviewtest.R
com.fyfeng.webviewtest.R$attr
com.fyfeng.webviewtest.R$dimen
com.fyfeng.webviewtest.R$drawable
com.fyfeng.webviewtest.R$id
com.fyfeng.webviewtest.R$layout
com.fyfeng.webviewtest.R$menu
com.fyfeng.webviewtest.R$string
com.fyfeng.webviewtest.R$style
com.swiftpass.pay.test.PayMainActivity:
    private android.widget.ArrayAdapter adapterPayType
    private static final java.lang.String APP_KEY
    303:308:private java.lang.String createSign(java.util.Map)
    313:329:public void buildPayParams(java.lang.StringBuilder,java.util.Map,boolean)
    335:339:public java.lang.String urlEncode(java.lang.String)
    46:46:static synthetic void access$1(com.swiftpass.pay.test.PayMainActivity,int)
com.swiftpass.pay.test.PayMainActivity$GetPrepayIdTask:
    private java.lang.String accessToken
    124:126:public PayMainActivity$GetPrepayIdTask(com.swiftpass.pay.test.PayMainActivity,java.lang.String)
com.swiftpass.pay.test.PayMainActivity$SpinnerXMLSelectedListener
com.switfpass.pay.MainApplication:
    public static com.switfpass.pay.MainApplication getContext()
    public static boolean isNetworkOK(android.content.Context)
com.switfpass.pay.activity.P
com.switfpass.pay.activity.PayPlugin:
    public static void unifiedSacndPay(android.app.Activity,com.switfpass.pay.bean.RequestMsg)
    public int test(java.lang.String)
    public static void unifiedAppPay(android.app.Activity,com.switfpass.pay.bean.RequestMsg)
    public void showLoading(android.content.Context,java.lang.String)
    public static void unifiedMicroPay(android.app.Activity,com.switfpass.pay.bean.RequestMsg)
    public static void pay(android.app.Activity,com.switfpass.pay.bean.RequestMsg)
com.switfpass.pay.activity.PayPlugin$GetAccessTokenTask
com.switfpass.pay.activity.PayResult:
    public java.lang.String getMemo()
    public java.lang.String getResult()
com.switfpass.pay.activity.PaySDKCaptureActivity:
    public static void startActivity(android.content.Context,com.switfpass.pay.bean.RequestMsg)
    public void handleDecode(com.google.zxing.Result,android.graphics.Bitmap)
com.switfpass.pay.activity.Q
com.switfpass.pay.activity.QQWapPayWebView:
    public static void startActivity(android.app.Activity,java.lang.String)
com.switfpass.pay.activity.QrcodeActivity:
    public static void startActivity(com.switfpass.pay.bean.OrderBena,android.content.Context)
    public void sendWxRedpack(java.lang.String)
com.switfpass.pay.activity.Result
com.switfpass.pay.activity.d
com.switfpass.pay.activity.e:
    public e(com.switfpass.pay.activity.PayPlugin)
com.switfpass.pay.activity.zxing.ViewfinderView:
    private static float density
    public ViewfinderView(android.content.Context,android.util.AttributeSet)
    public final void addPossibleResultPoint(com.google.zxing.ResultPoint)
    public final void drawResultBitmap(android.graphics.Bitmap)
com.switfpass.pay.activity.zxing.camera.PlanarYUVLuminanceSource:
    public final byte[] getRow(int,byte[])
    public final byte[] getMatrix()
    public final boolean isCropSupported()
    public final int getDataWidth()
    public final int getDataHeight()
com.switfpass.pay.activity.zxing.decoding.DecodeThread:
    public static final java.lang.String BARCODE_BITMAP
com.switfpass.pay.activity.zxing.decoding.InactivityTimer:
    public final void shutdown()
com.switfpass.pay.activity.zxing.decoding.Intents
com.switfpass.pay.activity.zxing.decoding.Intents$Encode
com.switfpass.pay.activity.zxing.decoding.Intents$Scan
com.switfpass.pay.activity.zxing.decoding.ViewfinderResultPointCallback:
    public final void foundPossibleResultPoint(com.google.zxing.ResultPoint)
com.switfpass.pay.bean.MchBean